# JRE version: Java(TM) SE Runtime Environment (8.0_66-b17) (build 1.8.0_66-b17)
# Java VM: Java HotSpot(TM) 64-Bit Server VM (25.66-b17 mixed mode linux-amd64 compressed oops)
Heap:
 PSYoungGen      total 132608K, used 35720K [0x00000000daf80000, 0x00000000e6d00000, 0x0000000100000000)
  eden space 88064K, 35% used [0x00000000daf80000,0x00000000dcdbb218,0x00000000e0580000)
  from space 44544K, 10% used [0x00000000e3180000,0x00000000e3627088,0x00000000e5d00000)
  to   space 45056K, 0% used [0x00000000e0580000,0x00000000e0580000,0x00000000e3180000)
 ParOldGen       total 138240K, used 79523K [0x0000000090e00000, 0x0000000099500000, 0x00000000daf80000)
  object space 138240K, 57% used [0x0000000090e00000,0x0000000095ba8dc8,0x0000000099500000)
 Metaspace       used 3778K, capacity 4702K, committed 4864K, reserved 1056768K
  class space    used 398K, capacity 432K, committed 512K, reserved 1048576K
GC Heap History (10 events):
Event: 7.578 GC heap before
{Heap before GC invocations=3 (full 0):
 PSYoungGen      total 61952K, used 61936K [0x00000000daf80000, 0x00000000df080000, 0x0000000100000000)
  eden space 57344K, 100% used [0x00000000daf80000,0x00000000de780000,0x00000000de780000)
  from space 4608K, 99% used [0x00000000dec00000,0x00000000df07c030,0x00000000df080000)
  to   space 4608K, 0% used [0x00000000de780000,0x00000000de780000,0x00000000dec00000)
 ParOldGen       total 76800K, used 23393K [0x0000000090e00000, 0x0000000095900000, 0x00000000daf80000)
  object space 76800K, 30% used [0x0000000090e00000,0x00000000924d8708,0x0000000095900000)
 Metaspace       used 3546K, capacity 4600K, committed 4864K, reserved 1056768K
  class space    used 375K, capacity 394K, committed 512K, reserved 1048576K
Event: 7.670 GC heap after
Heap after GC invocations=3 (full 0):
 PSYoungGen      total 61952K, used 4594K [0x00000000daf80000, 0x00000000e2880000, 0x0000000100000000)
  eden space 57344K, 0% used [0x00000000daf80000,0x00000000daf80000,0x00000000de780000)
  from space 4608K, 99% used [0x00000000de780000,0x00000000debfc828,0x00000000dec00000)
  to   space 4608K, 0% used [0x00000000e2400000,0x00000000e2400000,0x00000000e2880000)
 ParOldGen       total 76800K, used 56250K [0x0000000090e00000, 0x0000000095900000, 0x00000000daf80000)
  object space 76800K, 73% used [0x0000000090e00000,0x00000000944eea70,0x0000000095900000)
 Metaspace       used 3546K, capacity 4600K, committed 4864K, reserved 1056768K
  class space    used 375K, capacity 394K, committed 512K, reserved 1048576K
}
Event: 7.670 GC heap before
{Heap before GC invocations=4 (full 1):
 PSYoungGen      total 61952K, used 4594K [0x00000000daf80000, 0x00000000e2880000, 0x0000000100000000)
  eden space 57344K, 0% used [0x00000000daf80000,0x00000000daf80000,0x00000000de780000)
  from space 4608K, 99% used [0x00000000de780000,0x00000000debfc828,0x00000000dec00000)
  to   space 4608K, 0% used [0x00000000e2400000,0x00000000e2400000,0x00000000e2880000)
 ParOldGen       total 76800K, used 56250K [0x0000000090e00000, 0x0000000095900000, 0x00000000daf80000)
  object space 76800K, 73% used [0x0000000090e00000,0x00000000944eea70,0x0000000095900000)
 Metaspace       used 3546K, capacity 4600K, committed 4864K, reserved 1056768K
  class space    used 375K, capacity 394K, committed 512K, reserved 1048576K
Event: 8.163 GC heap after
Heap after GC invocations=4 (full 1):
 PSYoungGen      total 61952K, used 0K [0x00000000daf80000, 0x00000000e2880000, 0x0000000100000000)
  eden space 57344K, 0% used [0x00000000daf80000,0x00000000daf80000,0x00000000de780000)
  from space 4608K, 0% used [0x00000000de780000,0x00000000de780000,0x00000000dec00000)
  to   space 4608K, 0% used [0x00000000e2400000,0x00000000e2400000,0x00000000e2880000)
 ParOldGen       total 138240K, used 53503K [0x0000000090e00000, 0x0000000099500000, 0x00000000daf80000)
  object space 138240K, 38% used [0x0000000090e00000,0x000000009423fe68,0x0000000099500000)
 Metaspace       used 3546K, capacity 4600K, committed 4864K, reserved 1056768K
  class space    used 375K, capacity 394K, committed 512K, reserved 1048576K
}
Event: 46.892 GC heap before
{Heap before GC invocations=5 (full 1):
 PSYoungGen      total 61952K, used 57344K [0x00000000daf80000, 0x00000000e2880000, 0x0000000100000000)
  eden space 57344K, 100% used [0x00000000daf80000,0x00000000de780000,0x00000000de780000)
  from space 4608K, 0% used [0x00000000de780000,0x00000000de780000,0x00000000dec00000)
  to   space 4608K, 0% used [0x00000000e2400000,0x00000000e2400000,0x00000000e2880000)
 ParOldGen       total 138240K, used 53503K [0x0000000090e00000, 0x0000000099500000, 0x00000000daf80000)
  object space 138240K, 38% used [0x0000000090e00000,0x000000009423fe68,0x0000000099500000)
 Metaspace       used 3673K, capacity 4602K, committed 4864K, reserved 1056768K
  class space    used 392K, capacity 396K, committed 512K, reserved 1048576K
Event: 46.936 GC heap after
Heap after GC invocations=5 (full 1):
 PSYoungGen      total 77312K, used 4593K [0x00000000daf80000, 0x00000000e2880000, 0x0000000100000000)
  eden space 72704K, 0% used [0x00000000daf80000,0x00000000daf80000,0x00000000df680000)
  from space 4608K, 99% used [0x00000000e2400000,0x00000000e287c620,0x00000000e2880000)
  to   space 4608K, 0% used [0x00000000e1f80000,0x00000000e1f80000,0x00000000e2400000)
 ParOldGen       total 138240K, used 79461K [0x0000000090e00000, 0x0000000099500000, 0x00000000daf80000)
  object space 138240K, 57% used [0x0000000090e00000,0x0000000095b99448,0x0000000099500000)
 Metaspace       used 3673K, capacity 4602K, committed 4864K, reserved 1056768K
  class space    used 392K, capacity 396K, committed 512K, reserved 1048576K
}
Event: 72.167 GC heap before
{Heap before GC invocations=6 (full 1):
 PSYoungGen      total 77312K, used 77297K [0x00000000daf80000, 0x00000000e2880000, 0x0000000100000000)
  eden space 72704K, 100% used [0x00000000daf80000,0x00000000df680000,0x00000000df680000)
  from space 4608K, 99% used [0x00000000e2400000,0x00000000e287c620,0x00000000e2880000)
  to   space 4608K, 0% used [0x00000000e1f80000,0x00000000e1f80000,0x00000000e2400000)
 ParOldGen       total 138240K, used 79461K [0x0000000090e00000, 0x0000000099500000, 0x00000000daf80000)
  object space 138240K, 57% used [0x0000000090e00000,0x0000000095b99448,0x0000000099500000)
 Metaspace       used 3673K, capacity 4602K, committed 4864K, reserved 1056768K
  class space    used 392K, capacity 396K, committed 512K, reserved 1048576K
Event: 72.205 GC heap after
Heap after GC invocations=6 (full 1):
 PSYoungGen      total 93184K, used 4596K [0x00000000daf80000, 0x00000000e5d00000, 0x0000000100000000)
  eden space 88576K, 0% used [0x00000000daf80000,0x00000000daf80000,0x00000000e0600000)
  from space 4608K, 99% used [0x00000000e1f80000,0x00000000e23fd260,0x00000000e2400000)
  to   space 44544K, 0% used [0x00000000e3180000,0x00000000e3180000,0x00000000e5d00000)
 ParOldGen       total 138240K, used 79523K [0x0000000090e00000, 0x0000000099500000, 0x00000000daf80000)
  object space 138240K, 57% used [0x0000000090e00000,0x0000000095ba8dc8,0x0000000099500000)
 Metaspace       used 3673K, capacity 4602K, committed 4864K, reserved 1056768K
  class space    used 392K, capacity 396K, committed 512K, reserved 1048576K
}
Event: 146.038 GC heap before
{Heap before GC invocations=7 (full 1):
 PSYoungGen      total 93184K, used 93172K [0x00000000daf80000, 0x00000000e5d00000, 0x0000000100000000)
  eden space 88576K, 100% used [0x00000000daf80000,0x00000000e0600000,0x00000000e0600000)
  from space 4608K, 99% used [0x00000000e1f80000,0x00000000e23fd260,0x00000000e2400000)
  to   space 44544K, 0% used [0x00000000e3180000,0x00000000e3180000,0x00000000e5d00000)
 ParOldGen       total 138240K, used 79523K [0x0000000090e00000, 0x0000000099500000, 0x00000000daf80000)
  object space 138240K, 57% used [0x0000000090e00000,0x0000000095ba8dc8,0x0000000099500000)
 Metaspace       used 3673K, capacity 4602K, committed 4864K, reserved 1056768K
  class space    used 392K, capacity 396K, committed 512K, reserved 1048576K
Event: 146.061 GC heap after
Heap after GC invocations=7 (full 1):
 PSYoungGen      total 132608K, used 4764K [0x00000000daf80000, 0x00000000e6d00000, 0x0000000100000000)
  eden space 88064K, 0% used [0x00000000daf80000,0x00000000daf80000,0x00000000e0580000)
  from space 44544K, 10% used [0x00000000e3180000,0x00000000e3627088,0x00000000e5d00000)
  to   space 45056K, 0% used [0x00000000e0580000,0x00000000e0580000,0x00000000e3180000)
 ParOldGen       total 138240K, used 79523K [0x0000000090e00000, 0x0000000099500000, 0x00000000daf80000)
  object space 138240K, 57% used [0x0000000090e00000,0x0000000095ba8dc8,0x0000000099500000)
 Metaspace       used 3673K, capacity 4602K, committed 4864K, reserved 1056768K
  class space    used 392K, capacity 396K, committed 512K, reserved 1048576K
}

